Change Component Designator: Old Designator=C? New Designator=C1
Change Component Designator: Old Designator=C? New Designator=C2
Change Component Designator: Old Designator=C? New Designator=C3
Change Component Designator: Old Designator=C? New Designator=C4
Change Component Designator: Old Designator=C? New Designator=C5
Change Component Designator: Old Designator=C? New Designator=C6
Change Component Designator: Old Designator=C? New Designator=C7
Change Component Designator: Old Designator=C? New Designator=C8
Change Component Designator: Old Designator=C? New Designator=C9
Change Component Designator: Old Designator=C? New Designator=C10
Change Component Designator: Old Designator=C? New Designator=C11
Change Component Designator: Old Designator=C? New Designator=C12
Change Component Designator: Old Designator=C? New Designator=C13
Change Component Designator: Old Designator=C? New Designator=C14
Change Component Designator: Old Designator=FB? New Designator=FB1
Change Component Designator: Old Designator=J? New Designator=J1
Change Component Designator: Old Designator=L? New Designator=L1
Change Component Designator: Old Designator=R? New Designator=R1
Change Component Designator: Old Designator=R? New Designator=R2
Change Component Designator: Old Designator=R? New Designator=R3
Change Component Designator: Old Designator=R? New Designator=R4
Change Component Designator: Old Designator=R? New Designator=R5
Change Component Designator: Old Designator=R? New Designator=R6
Change Component Designator: Old Designator=R? New Designator=R7
Change Component Designator: Old Designator=R? New Designator=R8
Change Component Designator: Old Designator=TP? New Designator=TP75
Change Component Designator: Old Designator=TP? New Designator=TP76
Change Component Designator: Old Designator=TP? New Designator=TP77
Change Component Designator: Old Designator=TP? New Designator=TP78
Change Component Designator: Old Designator=TP? New Designator=TP79
Change Component Designator: Old Designator=TP? New Designator=TP80
Change Component Designator: Old Designator=TP? New Designator=TP81
Change Component Designator: Old Designator=TP? New Designator=TP82
Change Component Designator: Old Designator=TP? New Designator=TP83
Change Component Designator: Old Designator=TP? New Designator=TP84
Change Component Designator: Old Designator=TP? New Designator=TP85
Change Component Designator: Old Designator=TP? New Designator=TP86
Change Component Designator: Old Designator=TP? New Designator=TP87
Change Component Designator: Old Designator=TP? New Designator=TP88
Change Component Designator: Old Designator=TP? New Designator=TP89
Change Component Designator: Old Designator=TP? New Designator=TP90
Change Component Designator: Old Designator=TP? New Designator=TP91
Change Component Designator: Old Designator=TP? New Designator=TP92
Change Component Designator: Old Designator=TP? New Designator=TP93
Change Component Designator: Old Designator=TP? New Designator=TP94
Change Component Designator: Old Designator=TP? New Designator=TP95
Change Component Designator: Old Designator=TP? New Designator=TP96
Change Component Designator: Old Designator=TP? New Designator=TP97
Change Component Designator: Old Designator=TP? New Designator=TP98
Change Component Designator: Old Designator=TP? New Designator=TP99
Change Component Designator: Old Designator=TP? New Designator=TP100
Change Component Designator: Old Designator=TP? New Designator=TP101
Change Component Designator: Old Designator=TP? New Designator=TP102
Change Component Designator: Old Designator=TP? New Designator=TP103
Change Component Designator: Old Designator=TP? New Designator=TP104
Change Component Designator: Old Designator=TP? New Designator=TP105
Change Component Designator: Old Designator=TP? New Designator=TP106
Change Component Designator: Old Designator=TP? New Designator=TP107
Change Component Designator: Old Designator=TP? New Designator=TP108
Change Component Designator: Old Designator=TP? New Designator=TP109
Change Component Designator: Old Designator=TP? New Designator=TP110
Change Component Designator: Old Designator=U? New Designator=U1
Change Component Designator: Old Designator=U? New Designator=U2
Change Component Designator: Old Designator=X? New Designator=X1
