Added Component: Designator=C1(CAPC0603X03L)
Add component (AddParameter): Name = "ERP"; Value = ""; VariantName = "[No Variations]"
Add component (AddParameter): Name = "Manufacturer 1"; Value = ""; VariantName = "[No Variations]"
Add component (AddParameter): Name = "Manufacturer Part Number 1"; Value = ""; VariantName = "[No Variations]"
Add component (AddParameter): Name = "Package"; Value = "0201"; VariantName = "[No Variations]"
Add component (AddParameter): Name = "Value"; Value = ""; VariantName = "[No Variations]"
Added Component: Designator=C2(CAPC0603X03L)
Add component (AddParameter): Name = "ERP"; Value = ""; VariantName = "[No Variations]"
Add component (AddParameter): Name = "Manufacturer 1"; Value = ""; VariantName = "[No Variations]"
Add component (AddParameter): Name = "Manufacturer Part Number 1"; Value = ""; VariantName = "[No Variations]"
Add component (AddParameter): Name = "Package"; Value = "0201"; VariantName = "[No Variations]"
Add component (AddParameter): Name = "Value"; Value = ""; VariantName = "[No Variations]"
Added Component: Designator=C3(CAPC0603X03L)
Add component (AddParameter): Name = "ERP"; Value = ""; VariantName = "[No Variations]"
Add component (AddParameter): Name = "Manufacturer 1"; Value = ""; VariantName = "[No Variations]"
Add component (AddParameter): Name = "Manufacturer Part Number 1"; Value = ""; VariantName = "[No Variations]"
Add component (AddParameter): Name = "Package"; Value = "0201"; VariantName = "[No Variations]"
Add component (AddParameter): Name = "Value"; Value = "8pF"; VariantName = "[No Variations]"
Added Component: Designator=C4(CAPC0603X03L)
Add component (AddParameter): Name = "ERP"; Value = ""; VariantName = "[No Variations]"
Add component (AddParameter): Name = "Manufacturer 1"; Value = ""; VariantName = "[No Variations]"
Add component (AddParameter): Name = "Manufacturer Part Number 1"; Value = ""; VariantName = "[No Variations]"
Add component (AddParameter): Name = "Package"; Value = "0201"; VariantName = "[No Variations]"
Add component (AddParameter): Name = "Value"; Value = "8pF"; VariantName = "[No Variations]"
Added Component: Designator=C5(CAPC0603X03L)
Add component (AddParameter): Name = "ERP"; Value = ""; VariantName = "[No Variations]"
Add component (AddParameter): Name = "Manufacturer 1"; Value = ""; VariantName = "[No Variations]"
Add component (AddParameter): Name = "Manufacturer Part Number 1"; Value = ""; VariantName = "[No Variations]"
Add component (AddParameter): Name = "Package"; Value = "0201"; VariantName = "[No Variations]"
Add component (AddParameter): Name = "Value"; Value = "10n"; VariantName = "[No Variations]"
Added Component: Designator=C6(CAPC0603X03L)
Add component (AddParameter): Name = "ERP"; Value = ""; VariantName = "[No Variations]"
Add component (AddParameter): Name = "Manufacturer 1"; Value = ""; VariantName = "[No Variations]"
Add component (AddParameter): Name = "Manufacturer Part Number 1"; Value = ""; VariantName = "[No Variations]"
Add component (AddParameter): Name = "Package"; Value = "0201"; VariantName = "[No Variations]"
Add component (AddParameter): Name = "Value"; Value = "10n"; VariantName = "[No Variations]"
Added Component: Designator=C7(CAPC0603X03L)
Add component (AddParameter): Name = "ERP"; Value = ""; VariantName = "[No Variations]"
Add component (AddParameter): Name = "Manufacturer 1"; Value = ""; VariantName = "[No Variations]"
Add component (AddParameter): Name = "Manufacturer Part Number 1"; Value = ""; VariantName = "[No Variations]"
Add component (AddParameter): Name = "Package"; Value = "0201"; VariantName = "[No Variations]"
Add component (AddParameter): Name = "Value"; Value = "10n"; VariantName = "[No Variations]"
Added Component: Designator=C8(CAPC0603X03L)
Add component (AddParameter): Name = "ERP"; Value = ""; VariantName = "[No Variations]"
Add component (AddParameter): Name = "Manufacturer 1"; Value = ""; VariantName = "[No Variations]"
Add component (AddParameter): Name = "Manufacturer Part Number 1"; Value = ""; VariantName = "[No Variations]"
Add component (AddParameter): Name = "Package"; Value = "0201"; VariantName = "[No Variations]"
Add component (AddParameter): Name = "Value"; Value = "10n"; VariantName = "[No Variations]"
Added Component: Designator=C9(CAPC0603X03L)
Add component (AddParameter): Name = "ERP"; Value = ""; VariantName = "[No Variations]"
Add component (AddParameter): Name = "Manufacturer 1"; Value = ""; VariantName = "[No Variations]"
Add component (AddParameter): Name = "Manufacturer Part Number 1"; Value = ""; VariantName = "[No Variations]"
Add component (AddParameter): Name = "Package"; Value = "0201"; VariantName = "[No Variations]"
Add component (AddParameter): Name = "Value"; Value = "10n"; VariantName = "[No Variations]"
Added Component: Designator=C10(CAPC0603X03L)
Add component (AddParameter): Name = "ERP"; Value = ""; VariantName = "[No Variations]"
Add component (AddParameter): Name = "Manufacturer 1"; Value = ""; VariantName = "[No Variations]"
Add component (AddParameter): Name = "Manufacturer Part Number 1"; Value = ""; VariantName = "[No Variations]"
Add component (AddParameter): Name = "Package"; Value = "0201"; VariantName = "[No Variations]"
Add component (AddParameter): Name = "Value"; Value = "10n"; VariantName = "[No Variations]"
Added Component: Designator=C11(CAPC0603X03L)
Add component (AddParameter): Name = "ERP"; Value = ""; VariantName = "[No Variations]"
Add component (AddParameter): Name = "Manufacturer 1"; Value = ""; VariantName = "[No Variations]"
Add component (AddParameter): Name = "Manufacturer Part Number 1"; Value = ""; VariantName = "[No Variations]"
Add component (AddParameter): Name = "Package"; Value = "0201"; VariantName = "[No Variations]"
Add component (AddParameter): Name = "Value"; Value = "100n"; VariantName = "[No Variations]"
Added Component: Designator=C12(CAPC0603X03L)
Add component (AddParameter): Name = "ERP"; Value = ""; VariantName = "[No Variations]"
Add component (AddParameter): Name = "Manufacturer 1"; Value = ""; VariantName = "[No Variations]"
Add component (AddParameter): Name = "Manufacturer Part Number 1"; Value = ""; VariantName = "[No Variations]"
Add component (AddParameter): Name = "Package"; Value = "0201"; VariantName = "[No Variations]"
Add component (AddParameter): Name = "Value"; Value = "100n"; VariantName = "[No Variations]"
Added Component: Designator=C13(CAPC0603X03L)
Add component (AddParameter): Name = "ERP"; Value = ""; VariantName = "[No Variations]"
Add component (AddParameter): Name = "Manufacturer 1"; Value = ""; VariantName = "[No Variations]"
Add component (AddParameter): Name = "Manufacturer Part Number 1"; Value = ""; VariantName = "[No Variations]"
Add component (AddParameter): Name = "Package"; Value = "0201"; VariantName = "[No Variations]"
Add component (AddParameter): Name = "Value"; Value = "100n"; VariantName = "[No Variations]"
Added Component: Designator=C14(CAPC0603X03L)
Add component (AddParameter): Name = "ERP"; Value = ""; VariantName = "[No Variations]"
Add component (AddParameter): Name = "Manufacturer 1"; Value = ""; VariantName = "[No Variations]"
Add component (AddParameter): Name = "Manufacturer Part Number 1"; Value = ""; VariantName = "[No Variations]"
Add component (AddParameter): Name = "Package"; Value = "0201"; VariantName = "[No Variations]"
Add component (AddParameter): Name = "Value"; Value = "100n"; VariantName = "[No Variations]"
Added Component: Designator=FB1(INDC0603X03L)
Add component (AddParameter): Name = "ERP"; Value = ""; VariantName = "[No Variations]"
Add component (AddParameter): Name = "Manufacturer 1"; Value = ""; VariantName = "[No Variations]"
Add component (AddParameter): Name = "Manufacturer Part Number 1"; Value = ""; VariantName = "[No Variations]"
Add component (AddParameter): Name = "Package"; Value = "0201"; VariantName = "[No Variations]"
Add component (AddParameter): Name = "Value"; Value = "0R"; VariantName = "[No Variations]"
Added Component: Designator=J1(uFL_50R)
Add component (AddParameter): Name = "ERP"; Value = ""; VariantName = "[No Variations]"
Add component (AddParameter): Name = "Manufacturer 1"; Value = ""; VariantName = "[No Variations]"
Add component (AddParameter): Name = "Manufacturer Part Number 1"; Value = ""; VariantName = "[No Variations]"
Add component (AddParameter): Name = "Package"; Value = "UMCC"; VariantName = "[No Variations]"
Add component (AddParameter): Name = "Supplier 1"; Value = ""; VariantName = "[No Variations]"
Add component (AddParameter): Name = "Suuplier Part Number 1"; Value = ""; VariantName = "[No Variations]"
Add component (AddParameter): Name = "Value"; Value = ""; VariantName = "[No Variations]"
Added Component: Designator=L1(IND_0603)
Add component (AddParameter): Name = "ERP"; Value = ""; VariantName = "[No Variations]"
Add component (AddParameter): Name = "Manufacturer 1"; Value = ""; VariantName = "[No Variations]"
Add component (AddParameter): Name = "Manufacturer Part Number 1"; Value = ""; VariantName = "[No Variations]"
Add component (AddParameter): Name = "Package"; Value = "0603"; VariantName = "[No Variations]"
Add component (AddParameter): Name = "Supplier 1"; Value = ""; VariantName = "[No Variations]"
Add component (AddParameter): Name = "Suuplier Part Number 1"; Value = ""; VariantName = "[No Variations]"
Add component (AddParameter): Name = "Value"; Value = "0R"; VariantName = "[No Variations]"
Added Component: Designator=R1(RESC0603X03L)
Add component (AddParameter): Name = "ERP"; Value = ""; VariantName = "[No Variations]"
Add component (AddParameter): Name = "Manufacturer 1"; Value = ""; VariantName = "[No Variations]"
Add component (AddParameter): Name = "Manufacturer Part Number 1"; Value = ""; VariantName = "[No Variations]"
Add component (AddParameter): Name = "Package"; Value = "0201"; VariantName = "[No Variations]"
Add component (AddParameter): Name = "Value"; Value = "100k"; VariantName = "[No Variations]"
Added Component: Designator=R2(RESC0603X03L)
Add component (AddParameter): Name = "ERP"; Value = ""; VariantName = "[No Variations]"
Add component (AddParameter): Name = "Manufacturer 1"; Value = ""; VariantName = "[No Variations]"
Add component (AddParameter): Name = "Manufacturer Part Number 1"; Value = ""; VariantName = "[No Variations]"
Add component (AddParameter): Name = "Package"; Value = "0201"; VariantName = "[No Variations]"
Add component (AddParameter): Name = "Value"; Value = "33R"; VariantName = "[No Variations]"
Added Component: Designator=R3(RESC0603X03L)
Add component (AddParameter): Name = "ERP"; Value = ""; VariantName = "[No Variations]"
Add component (AddParameter): Name = "Manufacturer 1"; Value = ""; VariantName = "[No Variations]"
Add component (AddParameter): Name = "Manufacturer Part Number 1"; Value = ""; VariantName = "[No Variations]"
Add component (AddParameter): Name = "Package"; Value = "0201"; VariantName = "[No Variations]"
Add component (AddParameter): Name = "Value"; Value = "33R"; VariantName = "[No Variations]"
Added Component: Designator=R4(RESC0603X03L)
Add component (AddParameter): Name = "ERP"; Value = ""; VariantName = "[No Variations]"
Add component (AddParameter): Name = "Manufacturer 1"; Value = ""; VariantName = "[No Variations]"
Add component (AddParameter): Name = "Manufacturer Part Number 1"; Value = ""; VariantName = "[No Variations]"
Add component (AddParameter): Name = "Package"; Value = "0201"; VariantName = "[No Variations]"
Add component (AddParameter): Name = "Value"; Value = "0R"; VariantName = "[No Variations]"
Added Component: Designator=R5(RESC0603X03L)
Add component (AddParameter): Name = "ERP"; Value = ""; VariantName = "[No Variations]"
Add component (AddParameter): Name = "Manufacturer 1"; Value = ""; VariantName = "[No Variations]"
Add component (AddParameter): Name = "Manufacturer Part Number 1"; Value = ""; VariantName = "[No Variations]"
Add component (AddParameter): Name = "Package"; Value = "0201"; VariantName = "[No Variations]"
Add component (AddParameter): Name = "Value"; Value = "5M"; VariantName = "[No Variations]"
Added Component: Designator=R6(RESC0603X03L)
Add component (AddParameter): Name = "ERP"; Value = ""; VariantName = "[No Variations]"
Add component (AddParameter): Name = "Manufacturer 1"; Value = ""; VariantName = "[No Variations]"
Add component (AddParameter): Name = "Manufacturer Part Number 1"; Value = ""; VariantName = "[No Variations]"
Add component (AddParameter): Name = "Package"; Value = "0201"; VariantName = "[No Variations]"
Add component (AddParameter): Name = "Value"; Value = "0R"; VariantName = "[No Variations]"
Added Component: Designator=TP1(TP_0P8MM)
Added Component: Designator=TP2(TP_0P8MM)
Added Component: Designator=TP3(TP_0P8MM)
Added Component: Designator=TP4(TP_0P8MM)
Added Component: Designator=TP5(TP_0P8MM)
Added Component: Designator=TP6(TP_0P8MM)
Added Component: Designator=TP7(TP_0P8MM)
Added Component: Designator=TP8(TP_0P8MM)
Added Component: Designator=TP9(TP_0P8MM)
Added Component: Designator=TP10(TP_0P8MM)
Added Component: Designator=TP11(TP_0P8MM)
Added Component: Designator=TP12(TP_0P8MM)
Added Component: Designator=TP13(TP_0P8MM)
Added Component: Designator=TP14(TP_0P8MM)
Added Component: Designator=TP15(TP_0P8MM)
Added Component: Designator=TP16(TP_0P8MM)
Added Component: Designator=TP17(TP_0P8MM)
Added Component: Designator=TP18(TP_0P8MM)
Added Component: Designator=TP19(TP_0P8MM)
Added Component: Designator=TP20(TP_0P8MM)
Added Component: Designator=TP21(TP_0P8MM)
Added Component: Designator=TP22(TP_0P8MM)
Added Component: Designator=TP23(TP_0P8MM)
Added Component: Designator=TP24(TP_0P8MM)
Added Component: Designator=TP25(TP_0P8MM)
Added Component: Designator=TP26(TP_0P8MM)
Added Component: Designator=TP27(TP_0P8MM)
Added Component: Designator=TP28(TP_0P8MM)
Added Component: Designator=TP29(TP_0P8MM)
Added Component: Designator=TP30(TP_0P8MM)
Added Component: Designator=TP31(TP_0P8MM)
Added Component: Designator=TP32(TP_0P8MM)
Added Component: Designator=U1(APX803L)
Add component (AddParameter): Name = "Manufacturer 1"; Value = "Diodes Incorporated"; VariantName = "[No Variations]"
Add component (AddParameter): Name = "Manufacturer Part Number 1"; Value = "APX803L20-33SA-7"; VariantName = "[No Variations]"
Add component (AddParameter): Name = "Value"; Value = "APX803L"; VariantName = "[No Variations]"
Added Component: Designator=U2(QFN40P700X700X106_HS-57N)
Add component (AddParameter): Name = "ERP"; Value = ""; VariantName = "[No Variations]"
Add component (AddParameter): Name = "Manufacturer 1"; Value = "Espressif Systems"; VariantName = "[No Variations]"
Add component (AddParameter): Name = "Manufacturer Part Number 1"; Value = ""; VariantName = "[No Variations]"
Add component (AddParameter): Name = "Package"; Value = "56-TFQFN"; VariantName = "[No Variations]"
Add component (AddParameter): Name = "Value"; Value = "ESP32-S3-PICO-1"; VariantName = "[No Variations]"
Added Component: Designator=X1(CRYS_L1.6_W1)
Add component (AddParameter): Name = "ERP"; Value = ""; VariantName = "[No Variations]"
Add component (AddParameter): Name = "Manufacturer 1"; Value = "ECS Inc."; VariantName = "[No Variations]"
Add component (AddParameter): Name = "Manufacturer Part Number 1"; Value = "ECS-.327-6-16R-TR"; VariantName = "[No Variations]"
Add component (AddParameter): Name = "Package"; Value = "1P6_1P0"; VariantName = "[No Variations]"
Add component (AddParameter): Name = "Value"; Value = "32.768Khz"; VariantName = "[No Variations]"
Added Pin To Net: NetName=3V3AESP Pin=C9-1
Added Pin To Net: NetName=3V3AESP Pin=FB1-2
Added Pin To Net: NetName=3V3AESP Pin=U2-55
Added Pin To Net: NetName=3V3AESP Pin=U2-56
Added Net: Name=3V3AESP
Added Pin To Net: NetName=3V3ESP Pin=C5-1
Added Pin To Net: NetName=3V3ESP Pin=C6-1
Added Pin To Net: NetName=3V3ESP Pin=C7-1
Added Pin To Net: NetName=3V3ESP Pin=C8-1
Added Pin To Net: NetName=3V3ESP Pin=C12-1
Added Pin To Net: NetName=3V3ESP Pin=C13-1
Added Pin To Net: NetName=3V3ESP Pin=C14-1
Added Pin To Net: NetName=3V3ESP Pin=FB1-1
Added Pin To Net: NetName=3V3ESP Pin=R1-2
Added Pin To Net: NetName=3V3ESP Pin=U1-3
Added Pin To Net: NetName=3V3ESP Pin=U2-2
Added Pin To Net: NetName=3V3ESP Pin=U2-3
Added Pin To Net: NetName=3V3ESP Pin=U2-46
Added Net: Name=3V3ESP
Added Pin To Net: NetName=EN Pin=R1-1
Added Pin To Net: NetName=EN Pin=U1-2
Added Pin To Net: NetName=EN Pin=U2-4
Added Net: Name=EN
Added Pin To Net: NetName=GND Pin=C1-2
Added Pin To Net: NetName=GND Pin=C2-2
Added Pin To Net: NetName=GND Pin=C3-2
Added Pin To Net: NetName=GND Pin=C4-2
Added Pin To Net: NetName=GND Pin=C5-2
Added Pin To Net: NetName=GND Pin=C6-2
Added Pin To Net: NetName=GND Pin=C7-2
Added Pin To Net: NetName=GND Pin=C8-2
Added Pin To Net: NetName=GND Pin=C9-2
Added Pin To Net: NetName=GND Pin=C10-2
Added Pin To Net: NetName=GND Pin=C11-2
Added Pin To Net: NetName=GND Pin=C12-2
Added Pin To Net: NetName=GND Pin=C13-2
Added Pin To Net: NetName=GND Pin=C14-2
Added Pin To Net: NetName=GND Pin=J1-2
Added Pin To Net: NetName=GND Pin=J1-3
Added Pin To Net: NetName=GND Pin=U1-1
Added Pin To Net: NetName=GND Pin=U2-57
Added Net: Name=GND
Added Pin To Net: NetName=IO0 Pin=U2-5
Added Net: Name=IO0
Added Pin To Net: NetName=IO1 Pin=TP2-1
Added Pin To Net: NetName=IO1 Pin=U2-6
Added Net: Name=IO1
Added Pin To Net: NetName=IO2 Pin=TP4-1
Added Pin To Net: NetName=IO2 Pin=U2-7
Added Net: Name=IO2
Added Pin To Net: NetName=IO3 Pin=U2-8
Added Net: Name=IO3
Added Pin To Net: NetName=IO4 Pin=TP5-1
Added Pin To Net: NetName=IO4 Pin=U2-9
Added Net: Name=IO4
Added Pin To Net: NetName=IO5 Pin=TP7-1
Added Pin To Net: NetName=IO5 Pin=U2-10
Added Net: Name=IO5
Added Pin To Net: NetName=IO6 Pin=TP9-1
Added Pin To Net: NetName=IO6 Pin=U2-11
Added Net: Name=IO6
Added Pin To Net: NetName=IO7 Pin=TP11-1
Added Pin To Net: NetName=IO7 Pin=U2-12
Added Net: Name=IO7
Added Pin To Net: NetName=IO8 Pin=TP13-1
Added Pin To Net: NetName=IO8 Pin=U2-13
Added Net: Name=IO8
Added Pin To Net: NetName=IO9 Pin=TP14-1
Added Pin To Net: NetName=IO9 Pin=U2-14
Added Net: Name=IO9
Added Pin To Net: NetName=IO10 Pin=TP15-1
Added Pin To Net: NetName=IO10 Pin=U2-15
Added Net: Name=IO10
Added Pin To Net: NetName=IO11 Pin=TP16-1
Added Pin To Net: NetName=IO11 Pin=U2-16
Added Net: Name=IO11
Added Pin To Net: NetName=IO12 Pin=TP17-1
Added Pin To Net: NetName=IO12 Pin=U2-17
Added Net: Name=IO12
Added Pin To Net: NetName=IO13 Pin=TP18-1
Added Pin To Net: NetName=IO13 Pin=U2-18
Added Net: Name=IO13
Added Pin To Net: NetName=IO14 Pin=TP19-1
Added Pin To Net: NetName=IO14 Pin=U2-19
Added Net: Name=IO14
Added Pin To Net: NetName=IO17 Pin=TP20-1
Added Pin To Net: NetName=IO17 Pin=U2-23
Added Net: Name=IO17
Added Pin To Net: NetName=IO18 Pin=TP21-1
Added Pin To Net: NetName=IO18 Pin=U2-24
Added Net: Name=IO18
Added Pin To Net: NetName=IO19 Pin=TP22-1
Added Pin To Net: NetName=IO19 Pin=U2-25
Added Net: Name=IO19
Added Pin To Net: NetName=IO20 Pin=TP23-1
Added Pin To Net: NetName=IO20 Pin=U2-26
Added Net: Name=IO20
Added Pin To Net: NetName=IO21 Pin=TP24-1
Added Pin To Net: NetName=IO21 Pin=U2-27
Added Net: Name=IO21
Added Pin To Net: NetName=IO33 Pin=TP27-1
Added Pin To Net: NetName=IO33 Pin=U2-38
Added Net: Name=IO33
Added Pin To Net: NetName=IO34 Pin=TP28-1
Added Pin To Net: NetName=IO34 Pin=U2-39
Added Net: Name=IO34
Added Pin To Net: NetName=IO35 Pin=TP29-1
Added Pin To Net: NetName=IO35 Pin=U2-40
Added Net: Name=IO35
Added Pin To Net: NetName=IO36 Pin=TP30-1
Added Pin To Net: NetName=IO36 Pin=U2-41
Added Net: Name=IO36
Added Pin To Net: NetName=IO37 Pin=TP31-1
Added Pin To Net: NetName=IO37 Pin=U2-42
Added Net: Name=IO37
Added Pin To Net: NetName=IO38 Pin=TP32-1
Added Pin To Net: NetName=IO38 Pin=U2-43
Added Net: Name=IO38
Added Pin To Net: NetName=IO45 Pin=U2-51
Added Net: Name=IO45
Added Pin To Net: NetName=IO46 Pin=U2-52
Added Net: Name=IO46
Added Pin To Net: NetName=IO47 Pin=TP26-1
Added Pin To Net: NetName=IO47 Pin=U2-37
Added Net: Name=IO47
Added Pin To Net: NetName=IO48 Pin=TP25-1
Added Pin To Net: NetName=IO48 Pin=U2-36
Added Net: Name=IO48
Added Pin To Net: NetName=JTCK Pin=TP6-1
Added Pin To Net: NetName=JTCK Pin=U2-44
Added Net: Name=JTCK
Added Pin To Net: NetName=JTDI Pin=TP10-1
Added Pin To Net: NetName=JTDI Pin=U2-47
Added Net: Name=JTDI
Added Pin To Net: NetName=JTDO Pin=TP8-1
Added Pin To Net: NetName=JTDO Pin=U2-45
Added Net: Name=JTDO
Added Pin To Net: NetName=JTMS Pin=TP12-1
Added Pin To Net: NetName=JTMS Pin=U2-48
Added Net: Name=JTMS
Added Pin To Net: NetName=LNA_IN Pin=C1-1
Added Pin To Net: NetName=LNA_IN Pin=L1-1
Added Pin To Net: NetName=LNA_IN Pin=U2-1
Added Net: Name=LNA_IN
Added Pin To Net: NetName=NetC2_1 Pin=C2-1
Added Pin To Net: NetName=NetC2_1 Pin=J1-1
Added Pin To Net: NetName=NetC2_1 Pin=L1-2
Added Net: Name=NetC2_1
Added Pin To Net: NetName=NetC3_1 Pin=C3-1
Added Pin To Net: NetName=NetC3_1 Pin=R4-1
Added Pin To Net: NetName=NetC3_1 Pin=R5-2
Added Pin To Net: NetName=NetC3_1 Pin=X1-1
Added Net: Name=NetC3_1
Added Pin To Net: NetName=NetC4_1 Pin=C4-1
Added Pin To Net: NetName=NetC4_1 Pin=R5-1
Added Pin To Net: NetName=NetC4_1 Pin=R6-2
Added Pin To Net: NetName=NetC4_1 Pin=X1-2
Added Net: Name=NetC4_1
Added Pin To Net: NetName=NetR2_1 Pin=R2-1
Added Pin To Net: NetName=NetR2_1 Pin=TP1-1
Added Net: Name=NetR2_1
Added Pin To Net: NetName=NetR3_1 Pin=R3-1
Added Pin To Net: NetName=NetR3_1 Pin=TP3-1
Added Net: Name=NetR3_1
Added Pin To Net: NetName=NetU2_28 Pin=U2-28
Added Net: Name=NetU2_28
Added Pin To Net: NetName=NetU2_29 Pin=U2-29
Added Net: Name=NetU2_29
Added Pin To Net: NetName=NetU2_30 Pin=U2-30
Added Net: Name=NetU2_30
Added Pin To Net: NetName=NetU2_31 Pin=U2-31
Added Net: Name=NetU2_31
Added Pin To Net: NetName=NetU2_32 Pin=U2-32
Added Net: Name=NetU2_32
Added Pin To Net: NetName=NetU2_33 Pin=U2-33
Added Net: Name=NetU2_33
Added Pin To Net: NetName=NetU2_34 Pin=U2-34
Added Net: Name=NetU2_34
Added Pin To Net: NetName=NetU2_35 Pin=U2-35
Added Net: Name=NetU2_35
Added Pin To Net: NetName=NetU2_53 Pin=U2-53
Added Net: Name=NetU2_53
Added Pin To Net: NetName=NetU2_54 Pin=U2-54
Added Net: Name=NetU2_54
Added Pin To Net: NetName=RTCESP Pin=C10-1
Added Pin To Net: NetName=RTCESP Pin=C11-1
Added Pin To Net: NetName=RTCESP Pin=U2-20
Added Net: Name=RTCESP
Added Pin To Net: NetName=U0RXD Pin=R3-2
Added Pin To Net: NetName=U0RXD Pin=U2-49
Added Net: Name=U0RXD
Added Pin To Net: NetName=U0TXD Pin=R2-2
Added Pin To Net: NetName=U0TXD Pin=U2-50
Added Net: Name=U0TXD
Added Pin To Net: NetName=X32_N Pin=R4-2
Added Pin To Net: NetName=X32_N Pin=U2-22
Added Net: Name=X32_N
Added Pin To Net: NetName=X32_P Pin=R6-1
Added Pin To Net: NetName=X32_P Pin=U2-21
Added Net: Name=X32_P
Added Class: Name=MCU
Added Class: Name=C1_Nets
Added Class: Name=C2_Nets
Added Class: Name=C3_Nets
Added Class: Name=C4_Nets
Added Class: Name=C5_Nets
Added Class: Name=C6_Nets
Added Class: Name=C7_Nets
Added Class: Name=C8_Nets
Added Class: Name=C9_Nets
Added Class: Name=C10_Nets
Added Class: Name=C11_Nets
Added Class: Name=C12_Nets
Added Class: Name=C13_Nets
Added Class: Name=C14_Nets
Added Class: Name=FB1_Nets
Added Class: Name=J1_Nets
Added Class: Name=L1_Nets
Added Class: Name=R1_Nets
Added Class: Name=R2_Nets
Added Class: Name=R3_Nets
Added Class: Name=R4_Nets
Added Class: Name=R5_Nets
Added Class: Name=R6_Nets
Added Class: Name=TP1_Nets
Added Class: Name=TP2_Nets
Added Class: Name=TP3_Nets
Added Class: Name=TP4_Nets
Added Class: Name=TP5_Nets
Added Class: Name=TP6_Nets
Added Class: Name=TP7_Nets
Added Class: Name=TP8_Nets
Added Class: Name=TP9_Nets
Added Class: Name=TP10_Nets
Added Class: Name=TP11_Nets
Added Class: Name=TP12_Nets
Added Class: Name=TP13_Nets
Added Class: Name=TP14_Nets
Added Class: Name=TP15_Nets
Added Class: Name=TP16_Nets
Added Class: Name=TP17_Nets
Added Class: Name=TP18_Nets
Added Class: Name=TP19_Nets
Added Class: Name=TP20_Nets
Added Class: Name=TP21_Nets
Added Class: Name=TP22_Nets
Added Class: Name=TP23_Nets
Added Class: Name=TP24_Nets
Added Class: Name=TP25_Nets
Added Class: Name=TP26_Nets
Added Class: Name=TP27_Nets
Added Class: Name=TP28_Nets
Added Class: Name=TP29_Nets
Added Class: Name=TP30_Nets
Added Class: Name=TP31_Nets
Added Class: Name=TP32_Nets
Added Class: Name=U1_Nets
Added Class: Name=U2_Nets
Added Class: Name=X1_Nets
Added Differential Pair: Name=X32
Added Rule: Name=Schematic Supply Nets
Added Rule: Name=Schematic Supply Nets_1
Added Rule: Name=Schematic Supply Nets_2
Added Rule: Name=Schematic Supply Nets_3
