Removed Pin From Net: NetName=NetC2_1 Pin=J1-1
Removed Pin From Net: NetName=3V3ESP Pin=R1-2
Removed Pin From Net: NetName=3V3ESP Pin=U1-3
Removed Pin From Net: NetName=3V3ESP Pin=U2-2
Removed Pin From Net: NetName=3V3ESP Pin=U2-3
Removed Pin From Net: NetName=RTCESP Pin=U2-20
Removed Pin From Net: NetName=3V3ESP Pin=U2-46
Removed Pin From Net: NetName=3V3AESP Pin=U2-55
Removed Pin From Net: NetName=3V3AESP Pin=U2-56
Removed Member From Class: ClassName=U2_Nets Member=3V3AESP
Removed Member From Class: ClassName=R1_Nets Member=3V3ESP
Removed Member From Class: ClassName=U1_Nets Member=3V3ESP
Removed Member From Class: ClassName=U2_Nets Member=3V3ESP
Removed Member From Class: ClassName=J1_Nets Member=NetC2_1
Removed Member From Class: ClassName=U2_Nets Member=RTCESP
Change component parameters: Designator = "C1" ("C1"); Footprint = "CAPC0603X03L"; UniqueID = "\QDSTVTXU" ("\QDSTVTXU")
Change component parameters (AddParameter): Name = "ERP"; Value = ""; VariantName = "[No Variations]"
Change component parameters (AddParameter): Name = "Manufacturer 1"; Value = ""; VariantName = "[No Variations]"
Change component parameters (AddParameter): Name = "Manufacturer Part Number 1"; Value = ""; VariantName = "[No Variations]"
Change component parameters (AddParameter): Name = "Package"; Value = "0201"; VariantName = "[No Variations]"
Change component parameters (AddParameter): Name = "Value"; Value = "NA"; VariantName = "[No Variations]"
Change component parameters: Designator = "C2" ("C2"); Footprint = "CAPC0603X03L"; UniqueID = "\JAOCNLAS" ("\JAOCNLAS")
Change component parameters (AddParameter): Name = "ERP"; Value = ""; VariantName = "[No Variations]"
Change component parameters (AddParameter): Name = "Manufacturer 1"; Value = ""; VariantName = "[No Variations]"
Change component parameters (AddParameter): Name = "Manufacturer Part Number 1"; Value = ""; VariantName = "[No Variations]"
Change component parameters (AddParameter): Name = "Package"; Value = "0201"; VariantName = "[No Variations]"
Change component parameters (AddParameter): Name = "Value"; Value = "NA"; VariantName = "[No Variations]"
Added Component: Designator=TP33(TP_0P8MM)
Added Component: Designator=TP34(TP_0P8MM)
Added Component: Designator=TP35(TP_0P8MM)
Added Component: Designator=TP36(TP_0P8MM)
Added Component: Designator=TP37(TP_0P8MM)
Added Component: Designator=TP38(TP_0P8MM)
Added Component: Designator=TP39(TP_0P8MM)
Added Component: Designator=TP40(TP_0P8MM)
Added Component: Designator=TP41(TP_0P8MM)
Added Component: Designator=TP42(TP_0P8MM)
Added Component: Designator=TP43(TP_0P8MM)
Added Component: Designator=TP44(TP_0P8MM)
Added Component: Designator=TP45(TP_0P8MM)
Added Component: Designator=TP46(TP_0P8MM)
Added Component: Designator=TP47(TP_0P8MM)
Added Component: Designator=TP48(TP_0P8MM)
Added Component: Designator=TP49(TP_0P8MM)
Added Component: Designator=TP50(TP_0P8MM)
Added Component: Designator=TP51(TP_0P8MM)
Added Component: Designator=TP52(TP_0P8MM)
Added Component: Designator=TP53(TP_0P8MM)
Added Component: Designator=TP54(TP_0P8MM)
Added Component: Designator=TP55(TP_0P8MM)
Added Component: Designator=TP56(TP_0P8MM)
Added Component: Designator=TP57(TP_0P8MM)
Added Component: Designator=TP58(TP_0P8MM)
Added Component: Designator=TP59(TP_0P8MM)
Added Component: Designator=TP60(TP_0P8MM)
Added Component: Designator=TP61(TP_0P8MM)
Added Component: Designator=TP62(TP_0P8MM)
Added Component: Designator=TP63(TP_0P8MM)
Added Component: Designator=TP64(TP_0P8MM)
Added Component: Designator=TP65(TP_0P8MM)
Added Component: Designator=TP66(TP_0P8MM)
Added Component: Designator=TP67(TP_0P8MM)
Added Component: Designator=TP68(TP_0P8MM)
Added Component: Designator=TP69(TP_0P8MM)
Added Component: Designator=TP70(TP_0P8MM)
Added Component: Designator=TP71(TP_0P8MM)
Added Component: Designator=TP72(TP_0P8MM)
Added Component: Designator=TP73(TP_0P8MM)
Added Component: Designator=TP74(TP_0P8MM)
Added Component: Designator=TP75(TP_0P8MM)
Added Component: Designator=TP76(TP_0P8MM)
Added Component: Designator=TP77(TP_0P8MM)
Added Component: Designator=TP78(TP_0P8MM)
Added Component: Designator=TP79(TP_0P8MM)
Added Component: Designator=TP80(TP_0P8MM)
Added Component: Designator=TP81(TP_0P8MM)
Added Component: Designator=TP82(TP_0P8MM)
Added Component: Designator=TP83(TP_0P8MM)
Added Component: Designator=TP84(TP_0P8MM)
Added Component: Designator=TP85(TP_0P8MM)
Added Component: Designator=TP86(TP_0P8MM)
Added Component: Designator=TP87(TP_0P8MM)
Added Component: Designator=TP88(TP_0P8MM)
Added Component: Designator=TP89(TP_0P8MM)
Added Component: Designator=TP90(TP_0P8MM)
Added Component: Designator=TP91(TP_0P8MM)
Added Component: Designator=TP92(TP_0P8MM)
Added Component: Designator=TP93(TP_0P8MM)
Added Component: Designator=TP94(TP_0P8MM)
Added Component: Designator=TP95(TP_0P8MM)
Added Component: Designator=TP96(TP_0P8MM)
Added Component: Designator=TP97(TP_0P8MM)
Added Component: Designator=TP98(TP_0P8MM)
Added Component: Designator=TP99(TP_0P8MM)
Added Component: Designator=TP100(TP_0P8MM)
Added Component: Designator=TP101(TP_0P8MM)
Added Component: Designator=TP102(TP_0P8MM)
Added Component: Designator=TP103(TP_0P8MM)
Added Component: Designator=TP104(TP_0P8MM)
Added Component: Designator=TP105(TP_0P8MM)
Added Component: Designator=TP106(TP_0P8MM)
Added Component: Designator=TP107(TP_0P8MM)
Added Component: Designator=TP108(TP_0P8MM)
Added Component: Designator=TP109(TP_0P8MM)
Added Component: Designator=TP110(TP_0P8MM)
Added Pin To Net: NetName=IO0 Pin=TP33-1
Added Pin To Net: NetName=IO3 Pin=TP34-1
Added Pin To Net: NetName=IO46 Pin=TP35-1
Added Pin To Net: NetName=IO45 Pin=TP36-1
Added Pin To Net: NetName=GND Pin=TP37-1
Added Pin To Net: NetName=GND Pin=TP38-1
Added Pin To Net: NetName=GND Pin=TP40-1
Added Pin To Net: NetName=GND Pin=TP41-1
Added Pin To Net: NetName=GND Pin=TP43-1
Added Pin To Net: NetName=GND Pin=TP44-1
Added Pin To Net: NetName=GND Pin=TP46-1
Added Pin To Net: NetName=GND Pin=TP47-1
Added Pin To Net: NetName=GND Pin=TP49-1
Added Pin To Net: NetName=GND Pin=TP50-1
Added Pin To Net: NetName=GND Pin=TP52-1
Added Pin To Net: NetName=GND Pin=TP53-1
Added Pin To Net: NetName=GND Pin=TP55-1
Added Pin To Net: NetName=GND Pin=TP56-1
Added Pin To Net: NetName=GND Pin=TP58-1
Added Pin To Net: NetName=GND Pin=TP59-1
Added Pin To Net: NetName=GND Pin=TP61-1
Added Pin To Net: NetName=GND Pin=TP62-1
Added Pin To Net: NetName=GND Pin=TP64-1
Added Pin To Net: NetName=GND Pin=TP65-1
Added Pin To Net: NetName=GND Pin=TP67-1
Added Pin To Net: NetName=GND Pin=TP68-1
Added Pin To Net: NetName=GND Pin=TP70-1
Added Pin To Net: NetName=GND Pin=TP71-1
Added Pin To Net: NetName=GND Pin=TP73-1
Added Pin To Net: NetName=GND Pin=TP74-1
Added Pin To Net: NetName=GND Pin=TP76-1
Added Pin To Net: NetName=GND Pin=TP77-1
Added Pin To Net: NetName=GND Pin=TP79-1
Added Pin To Net: NetName=GND Pin=TP80-1
Added Pin To Net: NetName=GND Pin=TP82-1
Added Pin To Net: NetName=GND Pin=TP83-1
Added Pin To Net: NetName=GND Pin=TP85-1
Added Pin To Net: NetName=GND Pin=TP86-1
Added Pin To Net: NetName=GND Pin=TP87-1
Added Pin To Net: NetName=GND Pin=TP88-1
Added Pin To Net: NetName=GND Pin=TP89-1
Added Pin To Net: NetName=GND Pin=TP90-1
Added Pin To Net: NetName=GND Pin=TP91-1
Added Pin To Net: NetName=GND Pin=TP92-1
Added Pin To Net: NetName=GND Pin=TP93-1
Added Pin To Net: NetName=GND Pin=TP94-1
Added Pin To Net: NetName=GND Pin=TP95-1
Added Pin To Net: NetName=GND Pin=TP96-1
Added Pin To Net: NetName=GND Pin=TP97-1
Added Pin To Net: NetName=GND Pin=TP98-1
Added Pin To Net: NetName=GND Pin=TP99-1
Added Pin To Net: NetName=GND Pin=TP100-1
Added Pin To Net: NetName=GND Pin=TP101-1
Added Pin To Net: NetName=GND Pin=TP102-1
Added Pin To Net: NetName=GND Pin=TP103-1
Added Pin To Net: NetName=GND Pin=TP104-1
Added Pin To Net: NetName=GND Pin=TP105-1
Added Pin To Net: NetName=GND Pin=TP106-1
Added Pin To Net: NetName=GND Pin=TP107-1
Added Pin To Net: NetName=GND Pin=TP108-1
Added Pin To Net: NetName=GND Pin=TP109-1
Added Pin To Net: NetName=GND Pin=TP110-1
Change Net Color : Old Net Color=RGB(158, 161, 117) New Net Color=RGB(171, 184, 200)
Added Pin To Net: NetName=3V3_ESP Pin=R1-2
Added Pin To Net: NetName=3V3_ESP Pin=U1-3
Added Pin To Net: NetName=3V3_ESP Pin=U2-2
Added Pin To Net: NetName=3V3_ESP Pin=U2-3
Added Pin To Net: NetName=3V3_ESP Pin=U2-46
Added Net: Name=3V3_ESP
Added Pin To Net: NetName=3V3A_ESP Pin=U2-55
Added Pin To Net: NetName=3V3A_ESP Pin=U2-56
Added Net: Name=3V3A_ESP
Added Pin To Net: NetName=NetJ1_1 Pin=J1-1
Added Net: Name=NetJ1_1
Added Pin To Net: NetName=RTC_ESP Pin=U2-20
Added Net: Name=RTC_ESP
Added Pin To Net: NetName=VCC_IN_5V Pin=TP39-1
Added Pin To Net: NetName=VCC_IN_5V Pin=TP42-1
Added Pin To Net: NetName=VCC_IN_5V Pin=TP45-1
Added Pin To Net: NetName=VCC_IN_5V Pin=TP48-1
Added Pin To Net: NetName=VCC_IN_5V Pin=TP51-1
Added Pin To Net: NetName=VCC_IN_5V Pin=TP54-1
Added Pin To Net: NetName=VCC_IN_5V Pin=TP57-1
Added Pin To Net: NetName=VCC_IN_5V Pin=TP60-1
Added Pin To Net: NetName=VCC_IN_5V Pin=TP63-1
Added Pin To Net: NetName=VCC_IN_5V Pin=TP66-1
Added Pin To Net: NetName=VCC_IN_5V Pin=TP69-1
Added Pin To Net: NetName=VCC_IN_5V Pin=TP72-1
Added Pin To Net: NetName=VCC_IN_5V Pin=TP75-1
Added Pin To Net: NetName=VCC_IN_5V Pin=TP78-1
Added Pin To Net: NetName=VCC_IN_5V Pin=TP81-1
Added Pin To Net: NetName=VCC_IN_5V Pin=TP84-1
Added Net: Name=VCC_IN_5V
Added Class: Name=POWER
Added Class: Name=TP33_Nets
Added Class: Name=TP34_Nets
Added Class: Name=TP35_Nets
Added Class: Name=TP36_Nets
Added Class: Name=TP37_Nets
Added Class: Name=TP38_Nets
Added Class: Name=TP39_Nets
Added Class: Name=TP40_Nets
Added Class: Name=TP41_Nets
Added Class: Name=TP42_Nets
Added Class: Name=TP43_Nets
Added Class: Name=TP44_Nets
Added Class: Name=TP45_Nets
Added Class: Name=TP46_Nets
Added Class: Name=TP47_Nets
Added Class: Name=TP48_Nets
Added Class: Name=TP49_Nets
Added Class: Name=TP50_Nets
Added Class: Name=TP51_Nets
Added Class: Name=TP52_Nets
Added Class: Name=TP53_Nets
Added Class: Name=TP54_Nets
Added Class: Name=TP55_Nets
Added Class: Name=TP56_Nets
Added Class: Name=TP57_Nets
Added Class: Name=TP58_Nets
Added Class: Name=TP59_Nets
Added Class: Name=TP60_Nets
Added Class: Name=TP61_Nets
Added Class: Name=TP62_Nets
Added Class: Name=TP63_Nets
Added Class: Name=TP64_Nets
Added Class: Name=TP65_Nets
Added Class: Name=TP66_Nets
Added Class: Name=TP67_Nets
Added Class: Name=TP68_Nets
Added Class: Name=TP69_Nets
Added Class: Name=TP70_Nets
Added Class: Name=TP71_Nets
Added Class: Name=TP72_Nets
Added Class: Name=TP73_Nets
Added Class: Name=TP74_Nets
Added Class: Name=TP75_Nets
Added Class: Name=TP76_Nets
Added Class: Name=TP77_Nets
Added Class: Name=TP78_Nets
Added Class: Name=TP79_Nets
Added Class: Name=TP80_Nets
Added Class: Name=TP81_Nets
Added Class: Name=TP82_Nets
Added Class: Name=TP83_Nets
Added Class: Name=TP84_Nets
Added Class: Name=TP85_Nets
Added Class: Name=TP86_Nets
Added Class: Name=TP87_Nets
Added Class: Name=TP88_Nets
Added Class: Name=TP89_Nets
Added Class: Name=TP90_Nets
Added Class: Name=TP91_Nets
Added Class: Name=TP92_Nets
Added Class: Name=TP93_Nets
Added Class: Name=TP94_Nets
Added Class: Name=TP95_Nets
Added Class: Name=TP96_Nets
Added Class: Name=TP97_Nets
Added Class: Name=TP98_Nets
Added Class: Name=TP99_Nets
Added Class: Name=TP100_Nets
Added Class: Name=TP101_Nets
Added Class: Name=TP102_Nets
Added Class: Name=TP103_Nets
Added Class: Name=TP104_Nets
Added Class: Name=TP105_Nets
Added Class: Name=TP106_Nets
Added Class: Name=TP107_Nets
Added Class: Name=TP108_Nets
Added Class: Name=TP109_Nets
Added Class: Name=TP110_Nets
Added Member To Class: ClassName=MCU Member=Component TP33 TP_0P8MM
Added Member To Class: ClassName=MCU Member=Component TP34 TP_0P8MM
Added Member To Class: ClassName=MCU Member=Component TP35 TP_0P8MM
Added Member To Class: ClassName=MCU Member=Component TP36 TP_0P8MM
Added Member To Class: ClassName=R1_Nets Member=Wire 3V3_ESP
Added Member To Class: ClassName=U1_Nets Member=Wire 3V3_ESP
Added Member To Class: ClassName=U2_Nets Member=Wire 3V3_ESP
Added Member To Class: ClassName=U2_Nets Member=Wire 3V3A_ESP
Added Member To Class: ClassName=J1_Nets Member=Wire NetJ1_1
Added Member To Class: ClassName=U2_Nets Member=Wire RTC_ESP
Added Rule: Name=Schematic Supply Nets_4
Added Rule: Name=Schematic Supply Nets_5
Added Rule: Name=Schematic Supply Nets_6
Added Rule: Name=Schematic Supply Nets_7
