Removed Pin From Net: NetName=VCC_IN_5V Pin=TP18-1
Removed Pin From Net: NetName=VCC_IN_5V Pin=TP21-1
Removed Pin From Net: NetName=VCC_IN_5V Pin=TP24-1
Removed Pin From Net: NetName=VCC_IN_5V Pin=TP27-1
Removed Pin From Net: NetName=VCC_IN_5V Pin=TP30-1
Removed Pin From Net: NetName=VCC_IN_5V Pin=TP33-1
Removed Pin From Net: NetName=VCC_IN_5V Pin=TP36-1
Removed Pin From Net: NetName=VCC_IN_5V Pin=TP39-1
Removed Pin From Net: NetName=VCC_IN_5V Pin=TP42-1
Removed Pin From Net: NetName=VCC_IN_5V Pin=TP45-1
Removed Pin From Net: NetName=VCC_IN_5V Pin=TP48-1
Removed Member From Class: ClassName=MCU Member=TP25
Removed Member From Class: ClassName=MCU Member=TP27
Removed Member From Class: ClassName=MCU Member=TP40
Removed Member From Class: ClassName=MCU Member=TP42
Removed Member From Class: ClassName=MCU Member=TP44
Removed Member From Class: ClassName=MCU Member=TP65
Removed Member From Class: ClassName=MCU Member=TP67
Removed Member From Class: ClassName=MCU Member=TP69
Removed Member From Class: ClassName=MCU Member=TP71
Removed Member From Class: ClassName=MCU Member=TP73
Removed Member From Class: ClassName=POWER Member=TP75
Removed Member From Class: ClassName=POWER Member=TP77
Removed Member From Class: ClassName=POWER Member=TP79
Removed Member From Class: ClassName=POWER Member=TP81
Removed Member From Class: ClassName=POWER Member=TP82
Removed Member From Class: ClassName=POWER Member=TP83
Removed Member From Class: ClassName=POWER Member=TP84
Removed Member From Class: ClassName=POWER Member=TP85
Removed Member From Class: ClassName=POWER Member=TP86
Removed Member From Class: ClassName=POWER Member=TP87
Removed Member From Class: ClassName=POWER Member=TP88
Removed Member From Class: ClassName=POWER Member=TP89
Removed Member From Class: ClassName=POWER Member=TP90
Removed Member From Class: ClassName=POWER Member=TP96
Removed Member From Class: ClassName=POWER Member=TP98
Removed Member From Class: ClassName=POWER Member=TP100
Removed Member From Class: ClassName=POWER Member=TP102
Removed Member From Class: ClassName=POWER Member=TP104
Removed Member From Class: ClassName=POWER Member=TP106
Removed Member From Class: ClassName=C9_Nets Member=3V3AESP
Removed Member From Class: ClassName=FB1_Nets Member=3V3AESP
Removed Member From Class: ClassName=C5_Nets Member=3V3ESP
Removed Member From Class: ClassName=C6_Nets Member=3V3ESP
Removed Member From Class: ClassName=C7_Nets Member=3V3ESP
Removed Member From Class: ClassName=C8_Nets Member=3V3ESP
Removed Member From Class: ClassName=C12_Nets Member=3V3ESP
Removed Member From Class: ClassName=C13_Nets Member=3V3ESP
Removed Member From Class: ClassName=C14_Nets Member=3V3ESP
Removed Member From Class: ClassName=FB1_Nets Member=3V3ESP
Removed Member From Class: ClassName=U2_Nets Member=RTC_ESP
Removed Member From Class: ClassName=C10_Nets Member=RTCESP
Removed Member From Class: ClassName=C11_Nets Member=RTCESP
Removed Member From Class: ClassName=TP18_Nets Member=VCC_IN_5V
Removed Member From Class: ClassName=TP21_Nets Member=VCC_IN_5V
Removed Member From Class: ClassName=TP24_Nets Member=VCC_IN_5V
Removed Member From Class: ClassName=TP27_Nets Member=VCC_IN_5V
Removed Member From Class: ClassName=TP30_Nets Member=VCC_IN_5V
Removed Member From Class: ClassName=TP33_Nets Member=VCC_IN_5V
Removed Member From Class: ClassName=TP36_Nets Member=VCC_IN_5V
Removed Member From Class: ClassName=TP39_Nets Member=VCC_IN_5V
Removed Member From Class: ClassName=TP42_Nets Member=VCC_IN_5V
Removed Member From Class: ClassName=TP45_Nets Member=VCC_IN_5V
Removed Member From Class: ClassName=TP48_Nets Member=VCC_IN_5V
Added Component: Designator=TP111(TP_0P8MM)
Added Component: Designator=TP112(TP_0P8MM)
Added Component: Designator=TP113(TP_0P8MM)
Added Pin To Net: NetName=3V3A_ESP Pin=C9-1
Added Pin To Net: NetName=3V3A_ESP Pin=FB1-2
Added Pin To Net: NetName=3V3ESP Pin=R1-2
Added Pin To Net: NetName=3V3ESP Pin=U1-3
Added Pin To Net: NetName=3V3ESP Pin=U2-2
Added Pin To Net: NetName=3V3ESP Pin=U2-3
Added Pin To Net: NetName=3V3ESP Pin=U2-46
Change Net Name : Old Net Name=3V3ESP New Net Name=3V3_ESP
Change Net Color : Old Net Color=RGB(150, 204, 53) New Net Color=Black
Change Net Color : Old Net Color=RGB(150, 204, 53) New Net Color=Black
Added Pin To Net: NetName=CARR_PWR_EN Pin=TP39-1
Added Net: Name=CARR_PWR_EN
Added Pin To Net: NetName=N_BOOT_SEL0 Pin=TP45-1
Added Net: Name=N_BOOT_SEL0
Added Pin To Net: NetName=N_BOOT_SEL1 Pin=TP48-1
Added Net: Name=N_BOOT_SEL1
Added Pin To Net: NetName=N_FRC_RECV Pin=TP113-1
Added Net: Name=N_FRC_RECV
Added Pin To Net: NetName=N_PWR_BTN Pin=TP36-1
Added Net: Name=N_PWR_BTN
Added Pin To Net: NetName=N_SYS_RST Pin=TP42-1
Added Net: Name=N_SYS_RST
Added Pin To Net: NetName=RTC_PWR Pin=C10-1
Added Pin To Net: NetName=RTC_PWR Pin=C11-1
Added Pin To Net: NetName=RTC_PWR Pin=TP18-1
Added Pin To Net: NetName=RTC_PWR Pin=TP21-1
Added Pin To Net: NetName=RTC_PWR Pin=TP111-1
Added Pin To Net: NetName=RTC_PWR Pin=TP112-1
Added Pin To Net: NetName=RTC_PWR Pin=U2-20
Added Net: Name=RTC_PWR
Added Pin To Net: NetName=VBATT Pin=TP24-1
Added Pin To Net: NetName=VBATT Pin=TP27-1
Added Net: Name=VBATT
Added Pin To Net: NetName=VCC_IN_3V3 Pin=TP30-1
Added Net: Name=VCC_IN_3V3
Added Pin To Net: NetName=VCC_OUT_IO Pin=TP33-1
Added Net: Name=VCC_OUT_IO
Added Class: Name=TP111_Nets
Added Class: Name=TP112_Nets
Added Class: Name=TP113_Nets
Added Member To Class: ClassName=POWER Member=Component TP1 TP_0P8MM
Added Member To Class: ClassName=POWER Member=Component TP2 TP_0P8MM
Added Member To Class: ClassName=POWER Member=Component TP3 TP_0P8MM
Added Member To Class: ClassName=POWER Member=Component TP4 TP_0P8MM
Added Member To Class: ClassName=POWER Member=Component TP5 TP_0P8MM
Added Member To Class: ClassName=POWER Member=Component TP6 TP_0P8MM
Added Member To Class: ClassName=POWER Member=Component TP7 TP_0P8MM
Added Member To Class: ClassName=POWER Member=Component TP8 TP_0P8MM
Added Member To Class: ClassName=POWER Member=Component TP9 TP_0P8MM
Added Member To Class: ClassName=POWER Member=Component TP10 TP_0P8MM
Added Member To Class: ClassName=POWER Member=Component TP11 TP_0P8MM
Added Member To Class: ClassName=POWER Member=Component TP12 TP_0P8MM
Added Member To Class: ClassName=POWER Member=Component TP18 TP_0P8MM
Added Member To Class: ClassName=POWER Member=Component TP20 TP_0P8MM
Added Member To Class: ClassName=POWER Member=Component TP22 TP_0P8MM
Added Member To Class: ClassName=POWER Member=Component TP24 TP_0P8MM
Added Member To Class: ClassName=POWER Member=Component TP26 TP_0P8MM
Added Member To Class: ClassName=POWER Member=Component TP28 TP_0P8MM
Added Member To Class: ClassName=POWER Member=Component TP33 TP_0P8MM
Added Member To Class: ClassName=POWER Member=Component TP35 TP_0P8MM
Added Member To Class: ClassName=POWER Member=Component TP37 TP_0P8MM
Added Member To Class: ClassName=POWER Member=Component TP39 TP_0P8MM
Added Member To Class: ClassName=POWER Member=Component TP41 TP_0P8MM
Added Member To Class: ClassName=POWER Member=Component TP43 TP_0P8MM
Added Member To Class: ClassName=POWER Member=Component TP49 TP_0P8MM
Added Member To Class: ClassName=POWER Member=Component TP50 TP_0P8MM
Added Member To Class: ClassName=POWER Member=Component TP51 TP_0P8MM
Added Member To Class: ClassName=POWER Member=Component TP52 TP_0P8MM
Added Member To Class: ClassName=POWER Member=Component TP53 TP_0P8MM
Added Member To Class: ClassName=POWER Member=Component TP54 TP_0P8MM
Added Member To Class: ClassName=POWER Member=Component TP55 TP_0P8MM
Added Member To Class: ClassName=POWER Member=Component TP56 TP_0P8MM
Added Member To Class: ClassName=POWER Member=Component TP57 TP_0P8MM
Added Member To Class: ClassName=POWER Member=Component TP58 TP_0P8MM
Added Member To Class: ClassName=POWER Member=Component TP59 TP_0P8MM
Added Member To Class: ClassName=POWER Member=Component TP60 TP_0P8MM
Added Member To Class: ClassName=POWER Member=Component TP61 TP_0P8MM
Added Member To Class: ClassName=POWER Member=Component TP62 TP_0P8MM
Added Member To Class: ClassName=POWER Member=Component TP63 TP_0P8MM
Added Member To Class: ClassName=POWER Member=Component TP64 TP_0P8MM
Added Member To Class: ClassName=POWER Member=Component TP66 TP_0P8MM
Added Member To Class: ClassName=POWER Member=Component TP68 TP_0P8MM
Added Member To Class: ClassName=POWER Member=Component TP70 TP_0P8MM
Added Member To Class: ClassName=POWER Member=Component TP72 TP_0P8MM
Added Member To Class: ClassName=POWER Member=Component TP74 TP_0P8MM
Added Member To Class: ClassName=MCU Member=Component TP76 TP_0P8MM
Added Member To Class: ClassName=MCU Member=Component TP78 TP_0P8MM
Added Member To Class: ClassName=MCU Member=Component TP80 TP_0P8MM
Added Member To Class: ClassName=MCU Member=Component TP97 TP_0P8MM
Added Member To Class: ClassName=MCU Member=Component TP99 TP_0P8MM
Added Member To Class: ClassName=MCU Member=Component TP101 TP_0P8MM
Added Member To Class: ClassName=MCU Member=Component TP103 TP_0P8MM
Added Member To Class: ClassName=MCU Member=Component TP105 TP_0P8MM
Added Member To Class: ClassName=MCU Member=Component TP107 TP_0P8MM
Added Member To Class: ClassName=MCU Member=Component TP109 TP_0P8MM
Added Member To Class: ClassName=MCU Member=Component TP111 TP_0P8MM
Added Member To Class: ClassName=MCU Member=Component TP112 TP_0P8MM
Added Member To Class: ClassName=POWER Member=Component TP113 TP_0P8MM
Added Member To Class: ClassName=C5_Nets Member=Wire 3V3_ESP
Added Member To Class: ClassName=C6_Nets Member=Wire 3V3_ESP
Added Member To Class: ClassName=C7_Nets Member=Wire 3V3_ESP
Added Member To Class: ClassName=C8_Nets Member=Wire 3V3_ESP
Added Member To Class: ClassName=C12_Nets Member=Wire 3V3_ESP
Added Member To Class: ClassName=C13_Nets Member=Wire 3V3_ESP
Added Member To Class: ClassName=C14_Nets Member=Wire 3V3_ESP
Added Member To Class: ClassName=FB1_Nets Member=Wire 3V3_ESP
Added Member To Class: ClassName=C9_Nets Member=Wire 3V3A_ESP
Added Member To Class: ClassName=FB1_Nets Member=Wire 3V3A_ESP
Added Member To Class: ClassName=TP39_Nets Member=Wire CARR_PWR_EN
Added Member To Class: ClassName=TP45_Nets Member=Wire N_BOOT_SEL0
Added Member To Class: ClassName=TP48_Nets Member=Wire N_BOOT_SEL1
Added Member To Class: ClassName=TP36_Nets Member=Wire N_PWR_BTN
Added Member To Class: ClassName=TP42_Nets Member=Wire N_SYS_RST
Added Member To Class: ClassName=C10_Nets Member=Wire RTC_PWR
Added Member To Class: ClassName=C11_Nets Member=Wire RTC_PWR
Added Member To Class: ClassName=TP18_Nets Member=Wire RTC_PWR
Added Member To Class: ClassName=TP21_Nets Member=Wire RTC_PWR
Added Member To Class: ClassName=U2_Nets Member=Wire RTC_PWR
Added Member To Class: ClassName=TP24_Nets Member=Wire VBATT
Added Member To Class: ClassName=TP27_Nets Member=Wire VBATT
Added Member To Class: ClassName=TP30_Nets Member=Wire VCC_IN_3V3
Added Member To Class: ClassName=TP33_Nets Member=Wire VCC_OUT_IO
Added Rule: Name=Schematic Supply Nets_8
Added Rule: Name=Schematic Supply Nets_9
Added Rule: Name=Schematic Supply Nets_10
Added Rule: Name=Schematic Supply Nets_11
